Using pre-set license
Built from '2020.2/release' branch; Version is '2020.2.2f1 (068178b99f32) revision 426360'; Using compiler version '192528614'; Build Type 'Release'
OS: 'Windows 10 Education; OS build 18363.1316; Version 1909; 64bit' Language: 'ko' Physical Memory: 4038 MB
BatchMode: 1, IsHumanControllingUs: 0, StartBugReporterOnCrash: 0, Is64bit: 1, IsPro: 0

 COMMAND LINE ARGUMENTS:
C:\Program Files\Unity\Hub\Editor\2020.2.2f1\Editor\Unity.exe
-adb2
-batchMode
-noUpm
-name
AssetImportWorker0
-projectPath
C:/Users/User/Desktop/GitHub/GAMEPIC/21-01-25
-logFile
Logs/AssetImportWorker0.log
-srvPort
65387
Successfully changed project path to: C:/Users/User/Desktop/GitHub/GAMEPIC/21-01-25
C:/Users/User/Desktop/GitHub/GAMEPIC/21-01-25
Using Asset Import Pipeline V2.
Refreshing native plugins compatible for Editor in 39.76 ms, found 1 plugins.
Preloading 0 native plugins for Editor in 0.00 ms.
Initialize engine version: 2020.2.2f1 (068178b99f32)
[Subsystems] Discovering subsystems at path C:/Program Files/Unity/Hub/Editor/2020.2.2f1/Editor/Data/Resources/UnitySubsystems
[Subsystems] Discovering subsystems at path C:/Users/User/Desktop/GitHub/GAMEPIC/21-01-25/Assets
GfxDevice: creating device client; threaded=0
Direct3D:
    Version:  Direct3D 11.0 [level 11.1]
    Renderer: NVIDIA GeForce RTX 2070 (ID=0x1f02)
    Vendor:   
    VRAM:     8031 MB
    Driver:   27.21.14.5671
Initialize mono
Mono path[0] = 'C:/Program Files/Unity/Hub/Editor/2020.2.2f1/Editor/Data/Managed'
Mono path[1] = 'C:/Program Files/Unity/Hub/Editor/2020.2.2f1/Editor/Data/MonoBleedingEdge/lib/mono/unityjit'
Mono config path = 'C:/Program Files/Unity/Hub/Editor/2020.2.2f1/Editor/Data/MonoBleedingEdge/etc'
Using monoOptions --debugger-agent=transport=dt_socket,embedding=1,server=y,suspend=n,address=127.0.0.1:56360
Begin MonoManager ReloadAssembly
Registering precompiled unity dll's ...
Register platform support module: C:/Program Files/Unity/Hub/Editor/2020.2.2f1/Editor/Data/PlaybackEngines/WindowsStandaloneSupport/UnityEditor.WindowsStandalone.Extensions.dll
Registered in 0.003064 seconds.
Native extension for WindowsStandalone target not found
Refreshing native plugins compatible for Editor in 39.04 ms, found 1 plugins.
Preloading 0 native plugins for Editor in 0.00 ms.
Invoked RoslynAnalysisRunner static constructor.
RoslynAnalysisRunner will not be running.
RoslynAnalysisRunner has terminated.
Mono: successfully reloaded assembly
- Completed reload, in  4.511 seconds
Platform modules already initialized, skipping
Registering precompiled user dll's ...
Registered in 0.001956 seconds.
Begin MonoManager ReloadAssembly
Native extension for WindowsStandalone target not found
Refreshing native plugins compatible for Editor in 38.79 ms, found 1 plugins.
Preloading 0 native plugins for Editor in 0.00 ms.
Invoked RoslynAnalysisRunner static constructor.
RoslynAnalysisRunner will not be running.
RoslynAnalysisRunner has terminated.
Mono: successfully reloaded assembly
- Completed reload, in  0.868 seconds
Platform modules already initialized, skipping
========================================================================
Worker process is ready to serve import requests
Launched and connected shader compiler UnityShaderCompiler.exe after 0.05 seconds
Refreshing native plugins compatible for Editor in 0.54 ms, found 1 plugins.
Preloading 0 native plugins for Editor in 0.00 ms.
Unloading 2564 Unused Serialized files (Serialized files now loaded: 0)
System memory in use before: 107.1 MB.
System memory in use after: 107.3 MB.

Unloading 19 unused Assets to reduce memory usage. Loaded Objects now: 3011.
Total: 2.210800 ms (FindLiveObjects: 0.251800 ms CreateObjectMapping: 0.115200 ms MarkObjects: 1.746200 ms  DeleteObjects: 0.096700 ms)

========================================================================
Received Import Request.
  path: Assets/Fungus/Scripts/Components/SaveMenu.cs
  artifactKey: Guid(abe25ebf9ddc8416ead6f30d4671fdbf) Importer(815301076,1909f56bfc062723c751e8b465ee728b)
Start importing Assets/Fungus/Scripts/Components/SaveMenu.cs using Guid(abe25ebf9ddc8416ead6f30d4671fdbf) Importer(815301076,1909f56bfc062723c751e8b465ee728b)  -> (artifact id: 'd57b48c4fa423df24b7cee35a97cd44a') in 0.031069 seconds
  Import took 0.034773 seconds .

========================================================================
Received Import Request.
  Time since last request: 0.000477 seconds.
  path: Assets/Fungus/Scripts/Components/SaveManager.cs
  artifactKey: Guid(7cbb6770b607545c4909850d54df3979) Importer(815301076,1909f56bfc062723c751e8b465ee728b)
Start importing Assets/Fungus/Scripts/Components/SaveManager.cs using Guid(7cbb6770b607545c4909850d54df3979) Importer(815301076,1909f56bfc062723c751e8b465ee728b)  -> (artifact id: '052cb620e417edd968a9b44e0242869e') in 0.006734 seconds
  Import took 0.010132 seconds .

========================================================================
Received Import Request.
  Time since last request: 3.250399 seconds.
  path: Assets/Fungus/Scripts/Components/SayDialog.cs
  artifactKey: Guid(3a0bbe22c246e4c78ad8e9816cbae9d5) Importer(815301076,1909f56bfc062723c751e8b465ee728b)
Start importing Assets/Fungus/Scripts/Components/SayDialog.cs using Guid(3a0bbe22c246e4c78ad8e9816cbae9d5) Importer(815301076,1909f56bfc062723c751e8b465ee728b)  -> (artifact id: '8cba977b3c9e68059375e3f5f11e2ede') in 0.006581 seconds
  Import took 0.010784 seconds .

========================================================================
Received Import Request.
  Time since last request: 0.381036 seconds.
  path: Assets/Fungus/Scripts/Components/SelectOnEnable.cs
  artifactKey: Guid(1cbf240ac6442144f90a023c1b64d868) Importer(815301076,1909f56bfc062723c751e8b465ee728b)
Start importing Assets/Fungus/Scripts/Components/SelectOnEnable.cs using Guid(1cbf240ac6442144f90a023c1b64d868) Importer(815301076,1909f56bfc062723c751e8b465ee728b)  -> (artifact id: 'a92f1e49806863cbd0bcee57cdc5a91b') in 0.008257 seconds
  Import took 0.011899 seconds .

========================================================================
Received Import Request.
  Time since last request: 0.468405 seconds.
  path: Assets/Fungus/Scripts/Components/Stage.cs
  artifactKey: Guid(6f6478b25a400c642b2dee75f022ab12) Importer(815301076,1909f56bfc062723c751e8b465ee728b)
Start importing Assets/Fungus/Scripts/Components/Stage.cs using Guid(6f6478b25a400c642b2dee75f022ab12) Importer(815301076,1909f56bfc062723c751e8b465ee728b)  -> (artifact id: '18f7a183aae84898b43eaea4e07fe94a') in 0.006696 seconds
  Import took 0.010651 seconds .

========================================================================
Received Import Request.
  Time since last request: 0.001689 seconds.
  path: Assets/Fungus/Scripts/Components/Stage.cs
  artifactKey: Guid(6f6478b25a400c642b2dee75f022ab12) Importer(815301076,1909f56bfc062723c751e8b465ee728b)
Start importing Assets/Fungus/Scripts/Components/Stage.cs using Guid(6f6478b25a400c642b2dee75f022ab12) Importer(815301076,1909f56bfc062723c751e8b465ee728b)  -> (artifact id: '18f7a183aae84898b43eaea4e07fe94a') in 0.003208 seconds
  Import took 0.006925 seconds .

========================================================================
Received Import Request.
  Time since last request: 2.760073 seconds.
  path: Assets/Fungus/Scripts/Components/FungusState.cs
  artifactKey: Guid(61dddfdc5e0e44ca298d8f46f7f5a915) Importer(815301076,1909f56bfc062723c751e8b465ee728b)
Start importing Assets/Fungus/Scripts/Components/FungusState.cs using Guid(61dddfdc5e0e44ca298d8f46f7f5a915) Importer(815301076,1909f56bfc062723c751e8b465ee728b)  -> (artifact id: '357837e4bba725668998f0b7f7527c97') in 0.009355 seconds
  Import took 0.014631 seconds .

========================================================================
Received Import Request.
  Time since last request: 0.001294 seconds.
  path: Assets/Fungus/Scripts/Components/FungusState.cs
  artifactKey: Guid(61dddfdc5e0e44ca298d8f46f7f5a915) Importer(815301076,1909f56bfc062723c751e8b465ee728b)
Start importing Assets/Fungus/Scripts/Components/FungusState.cs using Guid(61dddfdc5e0e44ca298d8f46f7f5a915) Importer(815301076,1909f56bfc062723c751e8b465ee728b)  -> (artifact id: '357837e4bba725668998f0b7f7527c97') in 0.003262 seconds
  Import took 0.007864 seconds .

========================================================================
Received Import Request.
  Time since last request: 1.955717 seconds.
  path: Assets/Fungus/Scripts/Components/SpriteFader.cs
  artifactKey: Guid(ccc9787d88a4648e69e076f72ee540dc) Importer(815301076,1909f56bfc062723c751e8b465ee728b)
Start importing Assets/Fungus/Scripts/Components/SpriteFader.cs using Guid(ccc9787d88a4648e69e076f72ee540dc) Importer(815301076,1909f56bfc062723c751e8b465ee728b)  -> (artifact id: 'a055beee6c61b4c333997cb5b5320b96') in 0.008215 seconds
  Import took 0.012259 seconds .

========================================================================
Received Import Request.
  Time since last request: 0.001660 seconds.
  path: Assets/Fungus/Scripts/Components/SpriteFader.cs
  artifactKey: Guid(ccc9787d88a4648e69e076f72ee540dc) Importer(815301076,1909f56bfc062723c751e8b465ee728b)
Start importing Assets/Fungus/Scripts/Components/SpriteFader.cs using Guid(ccc9787d88a4648e69e076f72ee540dc) Importer(815301076,1909f56bfc062723c751e8b465ee728b)  -> (artifact id: 'a055beee6c61b4c333997cb5b5320b96') in 0.003099 seconds
  Import took 0.007905 seconds .

========================================================================
Received Import Request.
  Time since last request: 0.370305 seconds.
  path: Assets/Fungus/Scripts/Components/View.cs
  artifactKey: Guid(95c387d3e32404bcc91c60318d766bb1) Importer(815301076,1909f56bfc062723c751e8b465ee728b)
Start importing Assets/Fungus/Scripts/Components/View.cs using Guid(95c387d3e32404bcc91c60318d766bb1) Importer(815301076,1909f56bfc062723c751e8b465ee728b)  -> (artifact id: '07c27f4f1ae9bc40488bba185d1459b1') in 0.007813 seconds
  Import took 0.011342 seconds .

========================================================================
Received Import Request.
  Time since last request: 0.000567 seconds.
  path: Assets/Fungus/Scripts/Components/View.cs
  artifactKey: Guid(95c387d3e32404bcc91c60318d766bb1) Importer(815301076,1909f56bfc062723c751e8b465ee728b)
Start importing Assets/Fungus/Scripts/Components/View.cs using Guid(95c387d3e32404bcc91c60318d766bb1) Importer(815301076,1909f56bfc062723c751e8b465ee728b)  -> (artifact id: '07c27f4f1ae9bc40488bba185d1459b1') in 0.002553 seconds
  Import took 0.006496 seconds .

========================================================================
Received Import Request.
  Time since last request: 0.693402 seconds.
  path: Assets/Fungus/Scripts/Components/PortraitController.cs
  artifactKey: Guid(cc7c4e379c0d3bb4eb7537ad653ea7f6) Importer(815301076,1909f56bfc062723c751e8b465ee728b)
Start importing Assets/Fungus/Scripts/Components/PortraitController.cs using Guid(cc7c4e379c0d3bb4eb7537ad653ea7f6) Importer(815301076,1909f56bfc062723c751e8b465ee728b)  -> (artifact id: 'ab594953d75713ff63198c53c95763c5') in 0.007282 seconds
  Import took 0.011288 seconds .

========================================================================
Received Import Request.
  Time since last request: 0.303289 seconds.
  path: Assets/Fungus/Scripts/Components/Node.cs
  artifactKey: Guid(876917146dc4c40f0ba425b6bd6d4e68) Importer(815301076,1909f56bfc062723c751e8b465ee728b)
Start importing Assets/Fungus/Scripts/Components/Node.cs using Guid(876917146dc4c40f0ba425b6bd6d4e68) Importer(815301076,1909f56bfc062723c751e8b465ee728b)  -> (artifact id: 'c221e2a4ff878daf083fdb8b2c422e2d') in 0.007188 seconds
  Import took 0.010780 seconds .

========================================================================
Received Import Request.
  Time since last request: 1.324542 seconds.
  path: Assets/Fungus/Scripts/Components/Localization.cs
  artifactKey: Guid(e5724422a635e425bae0af9ffe2615d6) Importer(815301076,1909f56bfc062723c751e8b465ee728b)
Start importing Assets/Fungus/Scripts/Components/Localization.cs using Guid(e5724422a635e425bae0af9ffe2615d6) Importer(815301076,1909f56bfc062723c751e8b465ee728b)  -> (artifact id: '91ed8cf1e429477ff101e0bbe5adabbc') in 0.006843 seconds
  Import took 0.011073 seconds .

========================================================================
Received Import Request.
  Time since last request: 0.282051 seconds.
  path: Assets/Fungus/Scripts/Components/MusicManager.cs
  artifactKey: Guid(a5ff9b322bf3e407fb29148a2e50d076) Importer(815301076,1909f56bfc062723c751e8b465ee728b)
Start importing Assets/Fungus/Scripts/Components/MusicManager.cs using Guid(a5ff9b322bf3e407fb29148a2e50d076) Importer(815301076,1909f56bfc062723c751e8b465ee728b)  -> (artifact id: 'a19b3963549a0e0fba63947c675ea816') in 0.007381 seconds
  Import took 0.011289 seconds .

========================================================================
Received Import Request.
  Time since last request: 0.396476 seconds.
  path: Assets/Fungus/Scripts/Components/NarrativeLogEntryUI.cs
  artifactKey: Guid(fde579c9edfbe7e469349e39e2a87a48) Importer(815301076,1909f56bfc062723c751e8b465ee728b)
Start importing Assets/Fungus/Scripts/Components/NarrativeLogEntryUI.cs using Guid(fde579c9edfbe7e469349e39e2a87a48) Importer(815301076,1909f56bfc062723c751e8b465ee728b)  -> (artifact id: '69d3ec42349393fb722bf6390f89d320') in 0.007184 seconds
  Import took 0.010948 seconds .

========================================================================
Received Import Request.
  Time since last request: 0.001433 seconds.
  path: Assets/Fungus/Scripts/Components/NarrativeLogEntryUI.cs
  artifactKey: Guid(fde579c9edfbe7e469349e39e2a87a48) Importer(815301076,1909f56bfc062723c751e8b465ee728b)
Start importing Assets/Fungus/Scripts/Components/NarrativeLogEntryUI.cs using Guid(fde579c9edfbe7e469349e39e2a87a48) Importer(815301076,1909f56bfc062723c751e8b465ee728b)  -> (artifact id: '69d3ec42349393fb722bf6390f89d320') in 0.002700 seconds
  Import took 0.006474 seconds .

========================================================================
Received Import Request.
  Time since last request: 0.487281 seconds.
  path: Assets/Fungus/Scripts/Components/NarrativeLogEntryDisplay.cs
  artifactKey: Guid(824b58b7741a0dd4e9b43693c47b24f7) Importer(815301076,1909f56bfc062723c751e8b465ee728b)
Start importing Assets/Fungus/Scripts/Components/NarrativeLogEntryDisplay.cs using Guid(824b58b7741a0dd4e9b43693c47b24f7) Importer(815301076,1909f56bfc062723c751e8b465ee728b)  -> (artifact id: '341fa451c51addba6fab3113fb91d5e5') in 0.007003 seconds
  Import took 0.011031 seconds .

========================================================================
Received Import Request.
  Time since last request: 0.000617 seconds.
  path: Assets/Fungus/Scripts/Components/NarrativeLogEntryDisplay.cs
  artifactKey: Guid(824b58b7741a0dd4e9b43693c47b24f7) Importer(815301076,1909f56bfc062723c751e8b465ee728b)
Start importing Assets/Fungus/Scripts/Components/NarrativeLogEntryDisplay.cs using Guid(824b58b7741a0dd4e9b43693c47b24f7) Importer(815301076,1909f56bfc062723c751e8b465ee728b)  -> (artifact id: '341fa451c51addba6fab3113fb91d5e5') in 0.002730 seconds
  Import took 0.006607 seconds .

========================================================================
Received Import Request.
  Time since last request: 0.347707 seconds.
  path: Assets/Fungus/Scripts/Components/NarrativeLog.cs
  artifactKey: Guid(c55d0d498086c9f4dabf854988212ae9) Importer(815301076,1909f56bfc062723c751e8b465ee728b)
Start importing Assets/Fungus/Scripts/Components/NarrativeLog.cs using Guid(c55d0d498086c9f4dabf854988212ae9) Importer(815301076,1909f56bfc062723c751e8b465ee728b)  -> (artifact id: 'd87148e503e895e9cdb0087b081a5478') in 0.009196 seconds
  Import took 0.012853 seconds .

========================================================================
Received Import Request.
  Time since last request: 0.000516 seconds.
  path: Assets/Fungus/Scripts/Components/NarrativeLog.cs
  artifactKey: Guid(c55d0d498086c9f4dabf854988212ae9) Importer(815301076,1909f56bfc062723c751e8b465ee728b)
Start importing Assets/Fungus/Scripts/Components/NarrativeLog.cs using Guid(c55d0d498086c9f4dabf854988212ae9) Importer(815301076,1909f56bfc062723c751e8b465ee728b)  -> (artifact id: 'd87148e503e895e9cdb0087b081a5478') in 0.002768 seconds
  Import took 0.006468 seconds .

========================================================================
Received Prepare
Registering precompiled user dll's ...
Registered in 0.001287 seconds.
Begin MonoManager ReloadAssembly
Native extension for WindowsStandalone target not found
Refreshing native plugins compatible for Editor in 0.44 ms, found 1 plugins.
Preloading 0 native plugins for Editor in 0.00 ms.
Invoked RoslynAnalysisRunner static constructor.
RoslynAnalysisRunner will not be running.
RoslynAnalysisRunner has terminated.
Mono: successfully reloaded assembly
- Completed reload, in  0.817 seconds
Platform modules already initialized, skipping
Refreshing native plugins compatible for Editor in 0.46 ms, found 1 plugins.
Preloading 0 native plugins for Editor in 0.00 ms.
Unloading 2543 Unused Serialized files (Serialized files now loaded: 0)
System memory in use before: 106.0 MB.
System memory in use after: 106.2 MB.

Unloading 8 unused Assets to reduce memory usage. Loaded Objects now: 3013.
Total: 2.022400 ms (FindLiveObjects: 0.300700 ms CreateObjectMapping: 0.101100 ms MarkObjects: 1.606600 ms  DeleteObjects: 0.013200 ms)

========================================================================
Received Prepare
Registering precompiled user dll's ...
Registered in 0.001117 seconds.
Begin MonoManager ReloadAssembly
Native extension for WindowsStandalone target not found
Refreshing native plugins compatible for Editor in 0.50 ms, found 1 plugins.
Preloading 0 native plugins for Editor in 0.00 ms.
Invoked RoslynAnalysisRunner static constructor.
RoslynAnalysisRunner will not be running.
RoslynAnalysisRunner has terminated.
Mono: successfully reloaded assembly
- Completed reload, in  0.810 seconds
Platform modules already initialized, skipping
Refreshing native plugins compatible for Editor in 0.45 ms, found 1 plugins.
Preloading 0 native plugins for Editor in 0.00 ms.
Unloading 2543 Unused Serialized files (Serialized files now loaded: 0)
System memory in use before: 106.3 MB.
System memory in use after: 106.5 MB.

Unloading 8 unused Assets to reduce memory usage. Loaded Objects now: 3015.
Total: 2.211700 ms (FindLiveObjects: 0.338300 ms CreateObjectMapping: 0.187300 ms MarkObjects: 1.671300 ms  DeleteObjects: 0.013700 ms)

========================================================================
Received Prepare
Registering precompiled user dll's ...
Registered in 0.001417 seconds.
Begin MonoManager ReloadAssembly
Native extension for WindowsStandalone target not found
Refreshing native plugins compatible for Editor in 0.44 ms, found 1 plugins.
Preloading 0 native plugins for Editor in 0.00 ms.
Invoked RoslynAnalysisRunner static constructor.
RoslynAnalysisRunner will not be running.
RoslynAnalysisRunner has terminated.
Mono: successfully reloaded assembly
- Completed reload, in  0.785 seconds
Platform modules already initialized, skipping
Refreshing native plugins compatible for Editor in 0.53 ms, found 1 plugins.
Preloading 0 native plugins for Editor in 0.00 ms.
Unloading 2543 Unused Serialized files (Serialized files now loaded: 0)
System memory in use before: 106.5 MB.
System memory in use after: 106.7 MB.

Unloading 8 unused Assets to reduce memory usage. Loaded Objects now: 3017.
Total: 1.813600 ms (FindLiveObjects: 0.233000 ms CreateObjectMapping: 0.094900 ms MarkObjects: 1.474600 ms  DeleteObjects: 0.010600 ms)

========================================================================
Received Prepare
Registering precompiled user dll's ...
Registered in 0.001199 seconds.
Begin MonoManager ReloadAssembly
Native extension for WindowsStandalone target not found
Refreshing native plugins compatible for Editor in 0.47 ms, found 1 plugins.
Preloading 0 native plugins for Editor in 0.00 ms.
Invoked RoslynAnalysisRunner static constructor.
RoslynAnalysisRunner will not be running.
RoslynAnalysisRunner has terminated.
Mono: successfully reloaded assembly
- Completed reload, in  0.802 seconds
Platform modules already initialized, skipping
Refreshing native plugins compatible for Editor in 0.50 ms, found 1 plugins.
Preloading 0 native plugins for Editor in 0.00 ms.
Unloading 2543 Unused Serialized files (Serialized files now loaded: 0)
System memory in use before: 106.6 MB.
System memory in use after: 106.9 MB.

Unloading 8 unused Assets to reduce memory usage. Loaded Objects now: 3019.
Total: 1.977600 ms (FindLiveObjects: 0.284500 ms CreateObjectMapping: 0.107600 ms MarkObjects: 1.571100 ms  DeleteObjects: 0.013500 ms)

========================================================================
Received Prepare
Registering precompiled user dll's ...
Registered in 0.001201 seconds.
Begin MonoManager ReloadAssembly
Native extension for WindowsStandalone target not found
Refreshing native plugins compatible for Editor in 0.66 ms, found 1 plugins.
Preloading 0 native plugins for Editor in 0.00 ms.
Invoked RoslynAnalysisRunner static constructor.
RoslynAnalysisRunner will not be running.
RoslynAnalysisRunner has terminated.
Mono: successfully reloaded assembly
- Completed reload, in  0.794 seconds
Platform modules already initialized, skipping
Refreshing native plugins compatible for Editor in 0.45 ms, found 1 plugins.
Preloading 0 native plugins for Editor in 0.00 ms.
Unloading 2543 Unused Serialized files (Serialized files now loaded: 0)
System memory in use before: 106.8 MB.
System memory in use after: 107.0 MB.

Unloading 8 unused Assets to reduce memory usage. Loaded Objects now: 3021.
Total: 2.197500 ms (FindLiveObjects: 0.433200 ms CreateObjectMapping: 0.130900 ms MarkObjects: 1.619400 ms  DeleteObjects: 0.013000 ms)

========================================================================
Received Prepare
Registering precompiled user dll's ...
Registered in 0.001115 seconds.
Begin MonoManager ReloadAssembly
Native extension for WindowsStandalone target not found
Refreshing native plugins compatible for Editor in 0.50 ms, found 1 plugins.
Preloading 0 native plugins for Editor in 0.00 ms.
Invoked RoslynAnalysisRunner static constructor.
RoslynAnalysisRunner will not be running.
RoslynAnalysisRunner has terminated.
Mono: successfully reloaded assembly
- Completed reload, in  0.786 seconds
Platform modules already initialized, skipping
Refreshing native plugins compatible for Editor in 0.62 ms, found 1 plugins.
Preloading 0 native plugins for Editor in 0.00 ms.
Unloading 2543 Unused Serialized files (Serialized files now loaded: 0)
System memory in use before: 106.9 MB.
System memory in use after: 107.1 MB.

Unloading 8 unused Assets to reduce memory usage. Loaded Objects now: 3023.
Total: 2.041400 ms (FindLiveObjects: 0.350300 ms CreateObjectMapping: 0.136400 ms MarkObjects: 1.541100 ms  DeleteObjects: 0.012800 ms)

========================================================================
Received Prepare
Registering precompiled user dll's ...
Registered in 0.001205 seconds.
Begin MonoManager ReloadAssembly
Native extension for WindowsStandalone target not found
Refreshing native plugins compatible for Editor in 0.43 ms, found 1 plugins.
Preloading 0 native plugins for Editor in 0.00 ms.
Invoked RoslynAnalysisRunner static constructor.
RoslynAnalysisRunner will not be running.
RoslynAnalysisRunner has terminated.
Mono: successfully reloaded assembly
- Completed reload, in  0.765 seconds
Platform modules already initialized, skipping
Refreshing native plugins compatible for Editor in 0.60 ms, found 1 plugins.
Preloading 0 native plugins for Editor in 0.00 ms.
Unloading 2543 Unused Serialized files (Serialized files now loaded: 0)
System memory in use before: 107.1 MB.
System memory in use after: 107.3 MB.

Unloading 8 unused Assets to reduce memory usage. Loaded Objects now: 3025.
Total: 2.275000 ms (FindLiveObjects: 0.384400 ms CreateObjectMapping: 0.137700 ms MarkObjects: 1.734400 ms  DeleteObjects: 0.017600 ms)

AssetImportWorkerClient::OnTransportError - code=2 error=End of file
